-------------------------------------------------------------------------------
Test set: TestSuite
-------------------------------------------------------------------------------
Tests run: 42, Failures: 6, Errors: 0, Skipped: 0, Time elapsed: 80486 s <<< FAILURE! -- in TestSuite
com.yahoo.runners.TestRunnerYahoo.runScenario["Verify Stock Search Functionality", "Yahoo Finance Stock Search and Validation"](5) -- Time elapsed: 36.66 s <<< FAILURE!
java.lang.AssertionError: 
The following asserts failed:
	Stock price is NOT greater than 200 expected [true] but found [false]
	at org.testng.asserts.SoftAssert.assertAll(SoftAssert.java:46)
	at org.testng.asserts.SoftAssert.assertAll(SoftAssert.java:30)
	at com.yahoo.projects.website.yahoo.pages.YahooFinancePage.verifyStockPrice(YahooFinancePage.java:98)
	at com.yahoo.projects.website.yahoo.stepdefinitions.YahooSteps.verify_stock_price(YahooSteps.java:48)
	at ✽.the user verifies the stock price is greater than 200(file:///C:/Users/alagu/IdeaProjects/AutomationFrameworkCucumberTestNG-main/src/test/resources/features/yahoofianance.feature:13)

com.yahoo.runners.TestRunnerYahoo.runScenario["Search for an Invalid Stock Symbol", "Yahoo Finance Stock Search and Validation"](12) -- Time elapsed: 68.89 s <<< FAILURE!
java.lang.AssertionError: ❌ Error message is NOT displayed! expected [true] but found [false]
	at org.testng.Assert.fail(Assert.java:111)
	at org.testng.Assert.failNotEquals(Assert.java:1590)
	at org.testng.Assert.assertTrue(Assert.java:57)
	at com.yahoo.projects.website.yahoo.stepdefinitions.YahooSteps.verifyErrorMessageDisplayed(YahooSteps.java:75)
	at ✽.the user verifies an error message is displayed(file:///C:/Users/alagu/IdeaProjects/AutomationFrameworkCucumberTestNG-main/src/test/resources/features/yahoofianance.feature:39)

com.yahoo.runners.TestRunnerYahoo.runScenario["Verify if Market is Open or Closed", "Yahoo Finance Stock Search and Validation"](17) -- Time elapsed: 59.59 s <<< FAILURE!
java.lang.AssertionError: ❌ Element not exist. (waitForElementPresent) By.xpath: (//div[@slot='marketTimeNotice']|//span[contains(text(),'After hours:')])[2]
	at org.testng.Assert.fail(Assert.java:111)
	at com.yahoo.base.WebUI.waitForElementPresent(WebUI.java:3024)
	at com.yahoo.base.WebUI.waitForElementVisible(WebUI.java:2939)
	at com.yahoo.base.WebUI.getTextElement(WebUI.java:2697)
	at com.yahoo.projects.website.yahoo.pages.YahooFinancePage.getMarketStatus(YahooFinancePage.java:142)
	at com.yahoo.projects.website.yahoo.stepdefinitions.YahooSteps.verifyMarketStatus(YahooSteps.java:83)
	at ✽.the user verifies the market status(file:///C:/Users/alagu/IdeaProjects/AutomationFrameworkCucumberTestNG-main/src/test/resources/features/yahoofianance.feature:50)

com.yahoo.runners.TestRunnerYahoo.runScenario["Validate Historical Stock Data max data", "Yahoo Finance Stock Search and Validation"](34) -- Time elapsed: 1332 s <<< FAILURE!
org.openqa.selenium.NoSuchSessionException: 
invalid session id: session deleted as the browser has closed the connection
from disconnected: Unable to receive message from renderer
  (Session info: chrome=134.0.6998.36)
Build info: version: '4.29.0', revision: '5fc1ec94cb'
System info: os.name: 'Windows 11', os.arch: 'amd64', os.version: '10.0', java.version: '21.0.1'
Driver info: org.openqa.selenium.chrome.ChromeDriver
Command: [f825afee8b980a6232edc59921eea774, getElementText {id=f.2B12030B860CE1763DAD390836CF0C16.d.E02154C79B630505A5DCA035BBB29BDE.e.827}]
Capabilities {acceptInsecureCerts: false, browserName: chrome, browserVersion: 134.0.6998.36, chrome: {chromedriverVersion: 134.0.6998.35 (ea6ef4c2ac15..., userDataDir: C:\Users\alagu\AppData\Loca...}, fedcm:accounts: true, goog:chromeOptions: {debuggerAddress: localhost:51951}, networkConnectionEnabled: false, pageLoadStrategy: normal, platformName: windows, proxy: Proxy(), se:cdp: ws://localhost:51951/devtoo..., se:cdpVersion: 134.0.6998.36, setWindowRect: true, strictFileInteractability: false, timeouts: {implicit: 0, pageLoad: 300000, script: 30000}, unhandledPromptBehavior: dismiss and notify, webauthn:extension:credBlob: true, webauthn:extension:largeBlob: true, webauthn:extension:minPinLength: true, webauthn:extension:prf: true, webauthn:virtualAuthenticators: true}
Element: [[ChromeDriver: chrome on windows (f825afee8b980a6232edc59921eea774)] -> xpath: //table[contains(@class, 'table yf-1jecxey')]/tbody/tr]
Session ID: f825afee8b980a6232edc59921eea774
	at java.base/jdk.internal.reflect.DirectConstructorHandleAccessor.newInstance(DirectConstructorHandleAccessor.java:62)
	at java.base/java.lang.reflect.Constructor.newInstanceWithCaller(Constructor.java:502)
	at java.base/java.lang.reflect.Constructor.newInstance(Constructor.java:486)
	at org.openqa.selenium.remote.ErrorCodec.decode(ErrorCodec.java:167)
	at org.openqa.selenium.remote.codec.w3c.W3CHttpResponseCodec.decode(W3CHttpResponseCodec.java:138)
	at org.openqa.selenium.remote.codec.w3c.W3CHttpResponseCodec.decode(W3CHttpResponseCodec.java:50)
	at org.openqa.selenium.remote.HttpCommandExecutor.execute(HttpCommandExecutor.java:215)
	at org.openqa.selenium.remote.service.DriverCommandExecutor.invokeExecute(DriverCommandExecutor.java:216)
	at org.openqa.selenium.remote.service.DriverCommandExecutor.execute(DriverCommandExecutor.java:174)
	at org.openqa.selenium.remote.RemoteWebDriver.execute(RemoteWebDriver.java:545)
	at org.openqa.selenium.remote.RemoteWebElement.execute(RemoteWebElement.java:223)
	at org.openqa.selenium.remote.RemoteWebElement.getText(RemoteWebElement.java:191)
	at com.yahoo.base.WebUI.getListElementsText(WebUI.java:1272)
	at com.yahoo.projects.website.yahoo.pages.YahooFinancePage.printHistoricalData(YahooFinancePage.java:237)
	at com.yahoo.projects.website.yahoo.stepdefinitions.YahooSteps.user_verifies_data_is_displayed_correctly(YahooSteps.java:97)
	at ✽.the user verifies "MAX" data is displayed correctly(file:///C:/Users/alagu/IdeaProjects/AutomationFrameworkCucumberTestNG-main/src/test/resources/features/yahoofianance.feature:63)

com.yahoo.runners.TestRunnerYahoo.runScenario["Validate Historical Stock Data five day", "Yahoo Finance Stock Search and Validation"](36) -- Time elapsed: 44.28 s <<< FAILURE!
java.lang.AssertionError: ❌ The element is NOT visible. By.xpath: //input[@id='ybar-sbq']
	at org.testng.Assert.fail(Assert.java:111)
	at com.yahoo.base.WebUI.verifyElementVisible(WebUI.java:1959)
	at com.yahoo.projects.website.yahoo.pages.YahooFinancePage.isPageLoaded(YahooFinancePage.java:60)
	at com.yahoo.projects.website.yahoo.stepdefinitions.YahooSteps.userNavigatesToYahoo(YahooSteps.java:22)
	at ✽.the user navigates to yahoo(file:///C:/Users/alagu/IdeaProjects/AutomationFrameworkCucumberTestNG-main/src/test/resources/features/yahoofianance.feature:5)

com.yahoo.runners.TestRunnerYahoo.runScenario["Validate Historical Stock Data max data", "Yahoo Finance Stock Search and Validation"](42) -- Time elapsed: 11306 s <<< FAILURE!
org.openqa.selenium.NoSuchSessionException: 
invalid session id: session deleted as the browser has closed the connection
from disconnected: Unable to receive message from renderer
  (Session info: chrome=134.0.6998.36)
Build info: version: '4.29.0', revision: '5fc1ec94cb'
System info: os.name: 'Windows 11', os.arch: 'amd64', os.version: '10.0', java.version: '21.0.1'
Driver info: org.openqa.selenium.chrome.ChromeDriver
Command: [c40af3b10aeb5eab2a269ca3f71f33f3, getElementText {id=f.71A6679FC22B2539C5548F4FBB6E88BC.d.7C87CDF4B341FB36E782446B3B86C202.e.4561}]
Capabilities {acceptInsecureCerts: false, browserName: chrome, browserVersion: 134.0.6998.36, chrome: {chromedriverVersion: 134.0.6998.35 (ea6ef4c2ac15..., userDataDir: C:\Users\alagu\AppData\Loca...}, fedcm:accounts: true, goog:chromeOptions: {debuggerAddress: localhost:55272}, networkConnectionEnabled: false, pageLoadStrategy: normal, platformName: windows, proxy: Proxy(), se:cdp: ws://localhost:55272/devtoo..., se:cdpVersion: 134.0.6998.36, setWindowRect: true, strictFileInteractability: false, timeouts: {implicit: 0, pageLoad: 300000, script: 30000}, unhandledPromptBehavior: dismiss and notify, webauthn:extension:credBlob: true, webauthn:extension:largeBlob: true, webauthn:extension:minPinLength: true, webauthn:extension:prf: true, webauthn:virtualAuthenticators: true}
Element: [[ChromeDriver: chrome on windows (c40af3b10aeb5eab2a269ca3f71f33f3)] -> xpath: //table[contains(@class, 'table yf-1jecxey')]/tbody/tr]
Session ID: c40af3b10aeb5eab2a269ca3f71f33f3
	at java.base/jdk.internal.reflect.DirectConstructorHandleAccessor.newInstance(DirectConstructorHandleAccessor.java:62)
	at java.base/java.lang.reflect.Constructor.newInstanceWithCaller(Constructor.java:502)
	at java.base/java.lang.reflect.Constructor.newInstance(Constructor.java:486)
	at org.openqa.selenium.remote.ErrorCodec.decode(ErrorCodec.java:167)
	at org.openqa.selenium.remote.codec.w3c.W3CHttpResponseCodec.decode(W3CHttpResponseCodec.java:138)
	at org.openqa.selenium.remote.codec.w3c.W3CHttpResponseCodec.decode(W3CHttpResponseCodec.java:50)
	at org.openqa.selenium.remote.HttpCommandExecutor.execute(HttpCommandExecutor.java:215)
	at org.openqa.selenium.remote.service.DriverCommandExecutor.invokeExecute(DriverCommandExecutor.java:216)
	at org.openqa.selenium.remote.service.DriverCommandExecutor.execute(DriverCommandExecutor.java:174)
	at org.openqa.selenium.remote.RemoteWebDriver.execute(RemoteWebDriver.java:545)
	at org.openqa.selenium.remote.RemoteWebElement.execute(RemoteWebElement.java:223)
	at org.openqa.selenium.remote.RemoteWebElement.getText(RemoteWebElement.java:191)
	at com.yahoo.base.WebUI.getListElementsText(WebUI.java:1272)
	at com.yahoo.projects.website.yahoo.pages.YahooFinancePage.printHistoricalData(YahooFinancePage.java:237)
	at com.yahoo.projects.website.yahoo.stepdefinitions.YahooSteps.user_verifies_data_is_displayed_correctly(YahooSteps.java:97)
	at ✽.the user verifies "MAX" data is displayed correctly(file:///C:/Users/alagu/IdeaProjects/AutomationFrameworkCucumberTestNG-main/src/test/resources/features/yahoofianance.feature:63)

